<?xml version="1.0" encoding="UTF-8"?>
<testng-results skipped="0" failed="0" ignored="0" total="0" passed="0">
  <reporter-output>
  </reporter-output>
  <suite name="Command line suite" duration-ms="5" started-at="2019-07-09T07:00:41Z" finished-at="2019-07-09T07:00:41Z">
    <groups>
    </groups>
    <test name="Command line test" duration-ms="5" started-at="2019-07-09T07:00:41Z" finished-at="2019-07-09T07:00:41Z">
      <class name="com.cognizant.craft.TestConfigurationsLite">
        <test-method status="PASS" signature="setUpTestSuite(org.testng.ITestContext)[pri:0, instance:com.cognizant.craft.TestConfigurationsLite@1ed4004b]" name="setUpTestSuite" is-config="true" duration-ms="474" started-at="2019-07-09T07:00:40Z" finished-at="2019-07-09T07:00:41Z">
          <params>
            <param index="0">
              <value>
                <![CDATA[org.testng.TestRunner@3b2cf7ab]]>
              </value>
            </param>
          </params>
          <reporter-output>
          </reporter-output>
        </test-method> <!-- setUpTestSuite -->
        <test-method status="PASS" signature="setUpTestSuite(org.testng.ITestContext)[pri:0, instance:com.cognizant.craft.TestConfigurations@4566e5bd]" name="setUpTestSuite" is-config="true" duration-ms="24" started-at="2019-07-09T07:00:41Z" finished-at="2019-07-09T07:00:41Z">
          <params>
            <param index="0">
              <value>
                <![CDATA[org.testng.TestRunner@3b2cf7ab]]>
              </value>
            </param>
          </params>
          <reporter-output>
          </reporter-output>
        </test-method> <!-- setUpTestSuite -->
        <test-method status="PASS" signature="tearDownTestSuite()[pri:0, instance:com.cognizant.craft.TestConfigurationsLite@1ed4004b]" name="tearDownTestSuite" is-config="true" duration-ms="45" started-at="2019-07-09T07:00:41Z" finished-at="2019-07-09T07:00:41Z">
          <reporter-output>
          </reporter-output>
        </test-method> <!-- tearDownTestSuite -->
        <test-method status="PASS" signature="tearDownTestSuite()[pri:0, instance:com.cognizant.craft.TestConfigurations@4566e5bd]" name="tearDownTestSuite" is-config="true" duration-ms="26" started-at="2019-07-09T07:00:41Z" finished-at="2019-07-09T07:00:41Z">
          <reporter-output>
          </reporter-output>
        </test-method> <!-- tearDownTestSuite -->
      </class> <!-- com.cognizant.craft.TestConfigurationsLite -->
    </test> <!-- Command line test -->
  </suite> <!-- Command line suite -->
</testng-results>
