<?xml version="1.0" encoding="UTF-8"?>
<testng-results skipped="0" failed="1" ignored="2" total="3" passed="0">
  <reporter-output>
  </reporter-output>
  <suite name="Sanity" duration-ms="2432" started-at="2019-04-23T10:13:44Z" finished-at="2019-04-23T10:13:46Z">
    <groups>
    </groups>
    <test name="Test for Mobile" duration-ms="2432" started-at="2019-04-23T10:13:44Z" finished-at="2019-04-23T10:13:46Z">
      <class name="testscripts.MobileTestingScenario">
        <test-method status="PASS" signature="setUpTestSuite(org.testng.ITestContext)[pri:0, instance:testscripts.MobileTestingScenario@71318ec4]" name="setUpTestSuite" is-config="true" duration-ms="355" started-at="2019-04-23T10:13:43Z" finished-at="2019-04-23T10:13:44Z">
          <params>
            <param index="0">
              <value>
                <![CDATA[org.testng.TestRunner@24269709]]>
              </value>
            </param>
          </params>
          <reporter-output>
          </reporter-output>
        </test-method> <!-- setUpTestSuite -->
        <test-method status="FAIL" signature="tiesSelection(com.cognizant.framework.selenium.SeleniumTestParameters)[pri:0, instance:testscripts.MobileTestingScenario@71318ec4]" name="tiesSelection" duration-ms="2386" started-at="2019-04-23T10:13:44Z" data-provider="MobileDevice" finished-at="2019-04-23T10:13:46Z">
          <params>
            <param index="0">
              <value>
                <![CDATA[com.cognizant.framework.selenium.SeleniumTestParameters@61ea604c]]>
              </value>
            </param>
          </params>
          <exception class="com.cognizant.framework.FrameworkException">
            <message>
              <![CDATA[The appium driver invocation created a problem , please check the capabilities]]>
            </message>
            <full-stacktrace>
              <![CDATA[com.cognizant.framework.FrameworkException: The appium driver invocation created a problem , please check the capabilities
at com.cognizant.framework.selenium.AppiumDriverFactory.getAppiumDriver(AppiumDriverFactory.java:143)
at com.cognizant.craft.DriverScript.initializeWebDriver(DriverScript.java:341)
at com.cognizant.craft.DriverScript.driveTestExecution(DriverScript.java:174)
at testscripts.MobileTestingScenario.tiesSelection(MobileTestingScenario.java:39)
at sun.reflect.NativeMethodAccessorImpl.invoke0(Native Method)
at sun.reflect.NativeMethodAccessorImpl.invoke(NativeMethodAccessorImpl.java:62)
at sun.reflect.DelegatingMethodAccessorImpl.invoke(DelegatingMethodAccessorImpl.java:43)
at java.lang.reflect.Method.invoke(Method.java:498)
at org.testng.internal.MethodInvocationHelper.invokeMethod(MethodInvocationHelper.java:124)
at org.testng.internal.Invoker.invokeMethod(Invoker.java:583)
at org.testng.internal.Invoker.invokeTestMethod(Invoker.java:719)
at org.testng.internal.Invoker.invokeTestMethods(Invoker.java:989)
at org.testng.internal.TestMethodWorker.invokeTestMethods(TestMethodWorker.java:125)
at org.testng.internal.TestMethodWorker.run(TestMethodWorker.java:109)
at java.util.concurrent.ThreadPoolExecutor.runWorker(ThreadPoolExecutor.java:1149)
at java.util.concurrent.ThreadPoolExecutor$Worker.run(ThreadPoolExecutor.java:624)
at java.lang.Thread.run(Thread.java:748)
]]>
            </full-stacktrace>
          </exception> <!-- com.cognizant.framework.FrameworkException -->
          <reporter-output>
          </reporter-output>
        </test-method> <!-- tiesSelection -->
        <test-method status="PASS" signature="setUpTestRunner()[pri:0, instance:testscripts.MobileTestingScenario@71318ec4]" name="setUpTestRunner" is-config="true" duration-ms="0" started-at="2019-04-23T10:13:44Z" finished-at="2019-04-23T10:13:44Z">
          <reporter-output>
          </reporter-output>
        </test-method> <!-- setUpTestRunner -->
        <test-method status="PASS" signature="tearDownTestSuite()[pri:0, instance:testscripts.MobileTestingScenario@71318ec4]" name="tearDownTestSuite" is-config="true" duration-ms="755" started-at="2019-04-23T10:13:46Z" finished-at="2019-04-23T10:13:47Z">
          <reporter-output>
          </reporter-output>
        </test-method> <!-- tearDownTestSuite -->
      </class> <!-- testscripts.MobileTestingScenario -->
    </test> <!-- Test for Mobile -->
  </suite> <!-- Sanity -->
</testng-results>
